Release 14.7 - xst P.20131013 (lin64)
Copyright (c) 1995-2013 Xilinx, Inc.  All rights reserved.
--> 
Parameter TMPDIR set to xst/projnav.tmp


Total REAL time to Xst completion: 0.00 secs
Total CPU time to Xst completion: 0.05 secs
 
--> 
Parameter xsthdpdir set to xst


Total REAL time to Xst completion: 0.00 secs
Total CPU time to Xst completion: 0.05 secs
 
--> 
Reading design: yao1.prj

TABLE OF CONTENTS
  1) Synthesis Options Summary
  2) HDL Parsing
  3) HDL Elaboration
  4) HDL Synthesis
       4.1) HDL Synthesis Report
  5) Advanced HDL Synthesis
       5.1) Advanced HDL Synthesis Report
  6) Low Level Synthesis
  7) Partition Report
  8) Design Summary
       8.1) Primitive and Black Box Usage
       8.2) Device utilization summary
       8.3) Partition Resource Summary
       8.4) Timing Report
            8.4.1) Clock Information
            8.4.2) Asynchronous Control Signals Information
            8.4.3) Timing Summary
            8.4.4) Timing Details
            8.4.5) Cross Clock Domains Report


=========================================================================
*                      Synthesis Options Summary                        *
=========================================================================
---- Source Parameters
Input File Name                    : "yao1.prj"
Ignore Synthesis Constraint File   : NO

---- Target Parameters
Output File Name                   : "yao1"
Output Format                      : NGC
Target Device                      : xc6slx9-2-tqg144

---- Source Options
Top Module Name                    : yao1
Automatic FSM Extraction           : YES
FSM Encoding Algorithm             : Auto
Safe Implementation                : No
FSM Style                          : LUT
RAM Extraction                     : Yes
RAM Style                          : Auto
ROM Extraction                     : Yes
Shift Register Extraction          : YES
ROM Style                          : Auto
Resource Sharing                   : YES
Asynchronous To Synchronous        : NO
Shift Register Minimum Size        : 2
Use DSP Block                      : Auto
Automatic Register Balancing       : No

---- Target Options
LUT Combining                      : Auto
Reduce Control Sets                : Auto
Add IO Buffers                     : YES
Global Maximum Fanout              : 100000
Add Generic Clock Buffer(BUFG)     : 16
Register Duplication               : YES
Optimize Instantiated Primitives   : NO
Use Clock Enable                   : Auto
Use Synchronous Set                : Auto
Use Synchronous Reset              : Auto
Pack IO Registers into IOBs        : Auto
Equivalent register Removal        : YES

---- General Options
Optimization Goal                  : Speed
Optimization Effort                : 1
Power Reduction                    : NO
Keep Hierarchy                     : No
Netlist Hierarchy                  : As_Optimized
RTL Output                         : Yes
Global Optimization                : AllClockNets
Read Cores                         : YES
Write Timing Constraints           : NO
Cross Clock Analysis               : NO
Hierarchy Separator                : /
Bus Delimiter                      : <>
Case Specifier                     : Maintain
Slice Utilization Ratio            : 100
BRAM Utilization Ratio             : 100
DSP48 Utilization Ratio            : 100
Auto BRAM Packing                  : NO
Slice Utilization Ratio Delta      : 5

=========================================================================


=========================================================================
*                          HDL Parsing                                  *
=========================================================================
Analyzing Verilog file "/home/zhangli/src/fpga/zu1/src/duoji.v" into library work
Parsing module <duoji>.
Analyzing Verilog file "/home/zhangli/src/fpga/zu1/src/zu1.v" into library work
Parsing module <yao1>.

=========================================================================
*                            HDL Elaboration                            *
=========================================================================

Elaborating module <yao1>.

Elaborating module <duoji>.
WARNING:HDLCompiler:413 - "/home/zhangli/src/fpga/zu1/src/duoji.v" Line 33: Result of 17-bit expression is truncated to fit in 16-bit target.
WARNING:HDLCompiler:413 - "/home/zhangli/src/fpga/zu1/src/duoji.v" Line 37: Result of 17-bit expression is truncated to fit in 16-bit target.
WARNING:HDLCompiler:413 - "/home/zhangli/src/fpga/zu1/src/zu1.v" Line 41: Result of 25-bit expression is truncated to fit in 24-bit target.
WARNING:HDLCompiler:413 - "/home/zhangli/src/fpga/zu1/src/zu1.v" Line 45: Result of 9-bit expression is truncated to fit in 8-bit target.
WARNING:HDLCompiler:413 - "/home/zhangli/src/fpga/zu1/src/zu1.v" Line 48: Result of 32-bit expression is truncated to fit in 16-bit target.
WARNING:HDLCompiler:413 - "/home/zhangli/src/fpga/zu1/src/zu1.v" Line 60: Result of 32-bit expression is truncated to fit in 16-bit target.

=========================================================================
*                           HDL Synthesis                               *
=========================================================================

Synthesizing Unit <yao1>.
    Related source file is "/home/zhangli/src/fpga/zu1/src/zu1.v".
    Found 8-bit register for signal <count>.
    Found 16-bit register for signal <pul_len1>.
    Found 16-bit register for signal <pul_len2>.
    Found 16-bit register for signal <pul_len3>.
    Found 24-bit register for signal <prescaler>.
    Found 12-bit subtractor for signal <GND_1_o_GND_1_o_sub_6_OUT> created at line 48.
    Found 13-bit subtractor for signal <GND_1_o_GND_1_o_sub_18_OUT> created at line 60.
    Found 24-bit adder for signal <prescaler[23]_GND_1_o_add_1_OUT> created at line 41.
    Found 8-bit adder for signal <count[7]_GND_1_o_add_3_OUT> created at line 45.
    Found 12-bit adder for signal <n0074[11:0]> created at line 54.
    Found 8-bit comparator lessequal for signal <count[7]_GND_1_o_LessThan_5_o> created at line 46
    Found 8-bit comparator greater for signal <count[7]_GND_1_o_LessThan_11_o> created at line 52
    Found 8-bit comparator greater for signal <count[7]_GND_1_o_LessThan_17_o> created at line 58
    Summary:
	inferred   5 Adder/Subtractor(s).
	inferred  80 D-type flip-flop(s).
	inferred   3 Comparator(s).
	inferred   2 Multiplexer(s).
Unit <yao1> synthesized.

Synthesizing Unit <duoji>.
    Related source file is "/home/zhangli/src/fpga/zu1/src/duoji.v".
        CLK_F = 50
    Found 16-bit register for signal <count>.
    Found 1-bit register for signal <CTL_PIN>.
    Found 16-bit register for signal <prescaler>.
    Found 16-bit adder for signal <prescaler[15]_GND_2_o_add_1_OUT> created at line 33.
    Found 16-bit adder for signal <count[15]_GND_2_o_add_3_OUT> created at line 37.
    Found 16-bit comparator greater for signal <count[15]_pul_len[15]_LessThan_5_o> created at line 38
    Summary:
	inferred   2 Adder/Subtractor(s).
	inferred  33 D-type flip-flop(s).
	inferred   1 Comparator(s).
Unit <duoji> synthesized.

=========================================================================
HDL Synthesis Report

Macro Statistics
# Adders/Subtractors                                   : 11
 12-bit adder                                          : 1
 12-bit subtractor                                     : 1
 13-bit subtractor                                     : 1
 16-bit adder                                          : 6
 24-bit adder                                          : 1
 8-bit adder                                           : 1
# Registers                                            : 14
 1-bit register                                        : 3
 16-bit register                                       : 9
 24-bit register                                       : 1
 8-bit register                                        : 1
# Comparators                                          : 6
 16-bit comparator greater                             : 3
 8-bit comparator greater                              : 2
 8-bit comparator lessequal                            : 1
# Multiplexers                                         : 2
 16-bit 2-to-1 multiplexer                             : 2

=========================================================================

=========================================================================
*                       Advanced HDL Synthesis                          *
=========================================================================

WARNING:Xst:1710 - FF/Latch <pul_len3_15> (without init value) has a constant value of 0 in block <yao1>. This FF/Latch will be trimmed during the optimization process.
WARNING:Xst:1895 - Due to other FF/Latch trimming, FF/Latch <pul_len3_14> (without init value) has a constant value of 0 in block <yao1>. This FF/Latch will be trimmed during the optimization process.
WARNING:Xst:1895 - Due to other FF/Latch trimming, FF/Latch <pul_len3_13> (without init value) has a constant value of 0 in block <yao1>. This FF/Latch will be trimmed during the optimization process.
WARNING:Xst:1895 - Due to other FF/Latch trimming, FF/Latch <pul_len3_12> (without init value) has a constant value of 0 in block <yao1>. This FF/Latch will be trimmed during the optimization process.
WARNING:Xst:1895 - Due to other FF/Latch trimming, FF/Latch <pul_len3_11> (without init value) has a constant value of 0 in block <yao1>. This FF/Latch will be trimmed during the optimization process.
WARNING:Xst:1895 - Due to other FF/Latch trimming, FF/Latch <pul_len3_10> (without init value) has a constant value of 1 in block <yao1>. This FF/Latch will be trimmed during the optimization process.
WARNING:Xst:1895 - Due to other FF/Latch trimming, FF/Latch <pul_len3_7> (without init value) has a constant value of 0 in block <yao1>. This FF/Latch will be trimmed during the optimization process.
WARNING:Xst:1895 - Due to other FF/Latch trimming, FF/Latch <pul_len3_6> (without init value) has a constant value of 1 in block <yao1>. This FF/Latch will be trimmed during the optimization process.
WARNING:Xst:1895 - Due to other FF/Latch trimming, FF/Latch <pul_len3_2> (without init value) has a constant value of 0 in block <yao1>. This FF/Latch will be trimmed during the optimization process.
WARNING:Xst:1895 - Due to other FF/Latch trimming, FF/Latch <pul_len3_1> (without init value) has a constant value of 0 in block <yao1>. This FF/Latch will be trimmed during the optimization process.
WARNING:Xst:1895 - Due to other FF/Latch trimming, FF/Latch <pul_len3_0> (without init value) has a constant value of 0 in block <yao1>. This FF/Latch will be trimmed during the optimization process.
WARNING:Xst:1895 - Due to other FF/Latch trimming, FF/Latch <pul_len2_15> (without init value) has a constant value of 0 in block <yao1>. This FF/Latch will be trimmed during the optimization process.
WARNING:Xst:1895 - Due to other FF/Latch trimming, FF/Latch <pul_len2_14> (without init value) has a constant value of 0 in block <yao1>. This FF/Latch will be trimmed during the optimization process.
WARNING:Xst:1895 - Due to other FF/Latch trimming, FF/Latch <pul_len2_13> (without init value) has a constant value of 0 in block <yao1>. This FF/Latch will be trimmed during the optimization process.
WARNING:Xst:1895 - Due to other FF/Latch trimming, FF/Latch <pul_len2_12> (without init value) has a constant value of 0 in block <yao1>. This FF/Latch will be trimmed during the optimization process.
WARNING:Xst:1895 - Due to other FF/Latch trimming, FF/Latch <pul_len2_11> (without init value) has a constant value of 0 in block <yao1>. This FF/Latch will be trimmed during the optimization process.
WARNING:Xst:1895 - Due to other FF/Latch trimming, FF/Latch <pul_len2_10> (without init value) has a constant value of 1 in block <yao1>. This FF/Latch will be trimmed during the optimization process.
WARNING:Xst:1895 - Due to other FF/Latch trimming, FF/Latch <pul_len2_7> (without init value) has a constant value of 0 in block <yao1>. This FF/Latch will be trimmed during the optimization process.
WARNING:Xst:1895 - Due to other FF/Latch trimming, FF/Latch <pul_len2_6> (without init value) has a constant value of 1 in block <yao1>. This FF/Latch will be trimmed during the optimization process.
WARNING:Xst:1895 - Due to other FF/Latch trimming, FF/Latch <pul_len2_2> (without init value) has a constant value of 0 in block <yao1>. This FF/Latch will be trimmed during the optimization process.
WARNING:Xst:1895 - Due to other FF/Latch trimming, FF/Latch <pul_len2_1> (without init value) has a constant value of 0 in block <yao1>. This FF/Latch will be trimmed during the optimization process.
WARNING:Xst:1895 - Due to other FF/Latch trimming, FF/Latch <pul_len2_0> (without init value) has a constant value of 0 in block <yao1>. This FF/Latch will be trimmed during the optimization process.

Synthesizing (advanced) Unit <duoji>.
The following registers are absorbed into counter <prescaler>: 1 register on signal <prescaler>.
The following registers are absorbed into counter <count>: 1 register on signal <count>.
Unit <duoji> synthesized (advanced).

Synthesizing (advanced) Unit <yao1>.
The following registers are absorbed into counter <prescaler>: 1 register on signal <prescaler>.
The following registers are absorbed into counter <count>: 1 register on signal <count>.
Unit <yao1> synthesized (advanced).

=========================================================================
Advanced HDL Synthesis Report

Macro Statistics
# Adders/Subtractors                                   : 3
 12-bit adder                                          : 1
 12-bit subtractor                                     : 1
 13-bit subtractor                                     : 1
# Counters                                             : 8
 16-bit up counter                                     : 6
 24-bit up counter                                     : 1
 8-bit up counter                                      : 1
# Registers                                            : 51
 Flip-Flops                                            : 51
# Comparators                                          : 6
 16-bit comparator greater                             : 3
 8-bit comparator greater                              : 2
 8-bit comparator lessequal                            : 1
# Multiplexers                                         : 2
 16-bit 2-to-1 multiplexer                             : 2

=========================================================================

=========================================================================
*                         Low Level Synthesis                           *
=========================================================================
WARNING:Xst:1710 - FF/Latch <pul_len3_15> (without init value) has a constant value of 0 in block <yao1>. This FF/Latch will be trimmed during the optimization process.
WARNING:Xst:1895 - Due to other FF/Latch trimming, FF/Latch <pul_len3_14> (without init value) has a constant value of 0 in block <yao1>. This FF/Latch will be trimmed during the optimization process.
WARNING:Xst:1895 - Due to other FF/Latch trimming, FF/Latch <pul_len3_13> (without init value) has a constant value of 0 in block <yao1>. This FF/Latch will be trimmed during the optimization process.
WARNING:Xst:1895 - Due to other FF/Latch trimming, FF/Latch <pul_len3_12> (without init value) has a constant value of 0 in block <yao1>. This FF/Latch will be trimmed during the optimization process.
WARNING:Xst:1895 - Due to other FF/Latch trimming, FF/Latch <pul_len3_11> (without init value) has a constant value of 0 in block <yao1>. This FF/Latch will be trimmed during the optimization process.
WARNING:Xst:1895 - Due to other FF/Latch trimming, FF/Latch <pul_len3_10> (without init value) has a constant value of 1 in block <yao1>. This FF/Latch will be trimmed during the optimization process.
WARNING:Xst:1895 - Due to other FF/Latch trimming, FF/Latch <pul_len3_7> (without init value) has a constant value of 0 in block <yao1>. This FF/Latch will be trimmed during the optimization process.
WARNING:Xst:1895 - Due to other FF/Latch trimming, FF/Latch <pul_len3_6> (without init value) has a constant value of 1 in block <yao1>. This FF/Latch will be trimmed during the optimization process.
WARNING:Xst:1895 - Due to other FF/Latch trimming, FF/Latch <pul_len3_2> (without init value) has a constant value of 0 in block <yao1>. This FF/Latch will be trimmed during the optimization process.
WARNING:Xst:1895 - Due to other FF/Latch trimming, FF/Latch <pul_len3_1> (without init value) has a constant value of 0 in block <yao1>. This FF/Latch will be trimmed during the optimization process.
WARNING:Xst:1895 - Due to other FF/Latch trimming, FF/Latch <pul_len3_0> (without init value) has a constant value of 0 in block <yao1>. This FF/Latch will be trimmed during the optimization process.
WARNING:Xst:1895 - Due to other FF/Latch trimming, FF/Latch <pul_len2_15> (without init value) has a constant value of 0 in block <yao1>. This FF/Latch will be trimmed during the optimization process.
WARNING:Xst:1895 - Due to other FF/Latch trimming, FF/Latch <pul_len2_14> (without init value) has a constant value of 0 in block <yao1>. This FF/Latch will be trimmed during the optimization process.
WARNING:Xst:1895 - Due to other FF/Latch trimming, FF/Latch <pul_len2_13> (without init value) has a constant value of 0 in block <yao1>. This FF/Latch will be trimmed during the optimization process.
WARNING:Xst:1895 - Due to other FF/Latch trimming, FF/Latch <pul_len2_12> (without init value) has a constant value of 0 in block <yao1>. This FF/Latch will be trimmed during the optimization process.
WARNING:Xst:1895 - Due to other FF/Latch trimming, FF/Latch <pul_len2_11> (without init value) has a constant value of 0 in block <yao1>. This FF/Latch will be trimmed during the optimization process.
WARNING:Xst:1895 - Due to other FF/Latch trimming, FF/Latch <pul_len2_10> (without init value) has a constant value of 1 in block <yao1>. This FF/Latch will be trimmed during the optimization process.
WARNING:Xst:1895 - Due to other FF/Latch trimming, FF/Latch <pul_len2_7> (without init value) has a constant value of 0 in block <yao1>. This FF/Latch will be trimmed during the optimization process.
WARNING:Xst:1895 - Due to other FF/Latch trimming, FF/Latch <pul_len2_6> (without init value) has a constant value of 1 in block <yao1>. This FF/Latch will be trimmed during the optimization process.
WARNING:Xst:1895 - Due to other FF/Latch trimming, FF/Latch <pul_len2_2> (without init value) has a constant value of 0 in block <yao1>. This FF/Latch will be trimmed during the optimization process.
WARNING:Xst:1895 - Due to other FF/Latch trimming, FF/Latch <pul_len2_1> (without init value) has a constant value of 0 in block <yao1>. This FF/Latch will be trimmed during the optimization process.
WARNING:Xst:1895 - Due to other FF/Latch trimming, FF/Latch <pul_len2_0> (without init value) has a constant value of 0 in block <yao1>. This FF/Latch will be trimmed during the optimization process.
INFO:Xst:2261 - The FF/Latch <pul_len2_9> in Unit <yao1> is equivalent to the following 4 FFs/Latches, which will be removed : <pul_len3_3> <pul_len3_4> <pul_len3_5> <pul_len3_8> 
INFO:Xst:2261 - The FF/Latch <pul_len2_3> in Unit <yao1> is equivalent to the following 4 FFs/Latches, which will be removed : <pul_len2_4> <pul_len2_5> <pul_len2_8> <pul_len3_9> 
WARNING:Xst:1710 - FF/Latch <pul_len1_0> (without init value) has a constant value of 0 in block <yao1>. This FF/Latch will be trimmed during the optimization process.
WARNING:Xst:1895 - Due to other FF/Latch trimming, FF/Latch <pul_len1_1> (without init value) has a constant value of 0 in block <yao1>. This FF/Latch will be trimmed during the optimization process.
WARNING:Xst:1895 - Due to other FF/Latch trimming, FF/Latch <pul_len1_2> (without init value) has a constant value of 1 in block <yao1>. This FF/Latch will be trimmed during the optimization process.
INFO:Xst:2261 - The FF/Latch <pul_len1_12> in Unit <yao1> is equivalent to the following 3 FFs/Latches, which will be removed : <pul_len1_13> <pul_len1_14> <pul_len1_15> 

Optimizing unit <yao1> ...

Mapping all equations...
Building and optimizing final netlist ...
Found area constraint ratio of 100 (+ 5) on block yao1, actual ratio is 4.
FlipFlop count_6 has been replicated 1 time(s)
FlipFlop count_7 has been replicated 1 time(s)

Final Macro Processing ...

=========================================================================
Final Register Report

Macro Statistics
# Registers                                            : 145
 Flip-Flops                                            : 145

=========================================================================

=========================================================================
*                           Partition Report                            *
=========================================================================

Partition Implementation Status
-------------------------------

  No Partitions were found in this design.

-------------------------------

=========================================================================
*                            Design Summary                             *
=========================================================================

Top Level Output File Name         : yao1.ngc

Primitive and Black Box Usage:
------------------------------
# BELS                             : 513
#      GND                         : 1
#      INV                         : 8
#      LUT1                        : 120
#      LUT2                        : 9
#      LUT3                        : 27
#      LUT4                        : 19
#      LUT5                        : 14
#      LUT6                        : 51
#      MUXCY                       : 130
#      MUXF7                       : 5
#      VCC                         : 1
#      XORCY                       : 128
# FlipFlops/Latches                : 145
#      FD                          : 9
#      FDE                         : 10
#      FDR                         : 72
#      FDRE                        : 54
# Clock Buffers                    : 1
#      BUFGP                       : 1
# IO Buffers                       : 3
#      OBUF                        : 3

Device utilization summary:
---------------------------

Selected Device : 6slx9tqg144-2 


Slice Logic Utilization: 
 Number of Slice Registers:             145  out of  11440     1%  
 Number of Slice LUTs:                  248  out of   5720     4%  
    Number used as Logic:               248  out of   5720     4%  

Slice Logic Distribution: 
 Number of LUT Flip Flop pairs used:    251
   Number with an unused Flip Flop:     106  out of    251    42%  
   Number with an unused LUT:             3  out of    251     1%  
   Number of fully used LUT-FF pairs:   142  out of    251    56%  
   Number of unique control sets:        11

IO Utilization: 
 Number of IOs:                           4
 Number of bonded IOBs:                   4  out of    102     3%  

Specific Feature Utilization:
 Number of BUFG/BUFGCTRLs:                1  out of     16     6%  

---------------------------
Partition Resource Summary:
---------------------------

  No Partitions were found in this design.

---------------------------


=========================================================================
Timing Report

NOTE: THESE TIMING NUMBERS ARE ONLY A SYNTHESIS ESTIMATE.
      FOR ACCURATE TIMING INFORMATION PLEASE REFER TO THE TRACE REPORT
      GENERATED AFTER PLACE-and-ROUTE.

Clock Information:
------------------
-----------------------------------+------------------------+-------+
Clock Signal                       | Clock buffer(FF name)  | Load  |
-----------------------------------+------------------------+-------+
CLK                                | BUFGP                  | 145   |
-----------------------------------+------------------------+-------+

Asynchronous Control Signals Information:
----------------------------------------
No asynchronous control signals found in this design

Timing Summary:
---------------
Speed Grade: -2

   Minimum period: 5.943ns (Maximum Frequency: 168.265MHz)
   Minimum input arrival time before clock: No path found
   Maximum output required time after clock: 4.162ns
   Maximum combinational path delay: No path found

Timing Details:
---------------
All values displayed in nanoseconds (ns)

=========================================================================
Timing constraint: Default period analysis for Clock 'CLK'
  Clock period: 5.943ns (frequency: 168.265MHz)
  Total number of paths / destination ports: 6353 / 335
-------------------------------------------------------------------------
Delay:               5.943ns (Levels of Logic = 4)
  Source:            count_0 (FF)
  Destination:       pul_len1_9 (FF)
  Source Clock:      CLK rising
  Destination Clock: CLK rising

  Data Path: count_0 to pul_len1_9
                                Gate     Net
    Cell:in->out      fanout   Delay   Delay  Logical Name (Net Name)
    ----------------------------------------  ------------
     FD:C->Q              11   0.525   1.469  count_0 (count_0)
     LUT6:I1->O           16   0.254   1.410  count[7]_GND_1_o_LessThan_11_o11 (count[7]_GND_1_o_LessThan_11_o1)
     LUT6:I3->O            1   0.235   0.682  Mmux_pul_len1[15]_GND_1_o_mux_18_OUT131_G (N67)
     LUT3:I2->O            1   0.254   0.790  Mmux_pul_len1[15]_GND_1_o_mux_18_OUT1311 (pul_len1[15]_GND_1_o_mux_18_OUT<9>)
     LUT3:I1->O            1   0.250   0.000  pul_len1_9_dpot (pul_len1_9_dpot)
     FDE:D                     0.074          pul_len1_9
    ----------------------------------------
    Total                      5.943ns (1.592ns logic, 4.351ns route)
                                       (26.8% logic, 73.2% route)

=========================================================================
Timing constraint: Default OFFSET OUT AFTER for Clock 'CLK'
  Total number of paths / destination ports: 3 / 3
-------------------------------------------------------------------------
Offset:              4.162ns (Levels of Logic = 1)
  Source:            y1/CTL_PIN (FF)
  Destination:       CTL_PIN1 (PAD)
  Source Clock:      CLK rising

  Data Path: y1/CTL_PIN to CTL_PIN1
                                Gate     Net
    Cell:in->out      fanout   Delay   Delay  Logical Name (Net Name)
    ----------------------------------------  ------------
     FD:C->Q               2   0.525   0.725  y1/CTL_PIN (y1/CTL_PIN)
     OBUF:I->O                 2.912          CTL_PIN1_OBUF (CTL_PIN1)
    ----------------------------------------
    Total                      4.162ns (3.437ns logic, 0.725ns route)
                                       (82.6% logic, 17.4% route)

=========================================================================

Cross Clock Domains Report:
--------------------------

Clock to Setup on destination clock CLK
---------------+---------+---------+---------+---------+
               | Src:Rise| Src:Fall| Src:Rise| Src:Fall|
Source Clock   |Dest:Rise|Dest:Rise|Dest:Fall|Dest:Fall|
---------------+---------+---------+---------+---------+
CLK            |    5.943|         |         |         |
---------------+---------+---------+---------+---------+

=========================================================================


Total REAL time to Xst completion: 6.00 secs
Total CPU time to Xst completion: 5.36 secs
 
--> 


Total memory usage is 388352 kilobytes

Number of errors   :    0 (   0 filtered)
Number of warnings :   53 (   0 filtered)
Number of infos    :    3 (   0 filtered)

